<?xml version="1.0" encoding="UTF-8"?>
<!-- Generated by org.testng.reporters.JUnitReportReporter -->
<testsuite hostname="ARDDCWA25002730" failures="0" tests="1" name="OIG.automation.OIG_Demo.HistoryForm" time="26.735" errors="0" timestamp="29 May 2024 16:02:18 GMT">
  <testcase classname="OIG.automation.OIG_Demo.HistoryForm" name="assetsLiabiltyTest" time="26.735"/>
</testsuite> <!-- OIG.automation.OIG_Demo.HistoryForm -->
